1
                 Chemistry at HARvard Macromolecular Mechanics
                (CHARMM) - Free Version 43b2   February 15, 2019                
                                Revision unknown                                
       Copyright(c) 1984-2014  President and Fellows of Harvard College
                              All Rights Reserved
  Current operating system: Linux-5.0.0-37-generic(x86_64)@tanvir-HP-Pavilion   
                 Created on  1/10/20 at  4:04:52 by user: tanvir      

            Maximum number of ATOMS:    360720, and RESidues:      120240
 RDTITL> *INSULIN SOLVATION IN SPHERE
 RDTITL> *
  
 CHARMM>    open read unit 1 card name top_all27_prot_na.inp
 VOPEN> Attempting to open::top_all27_prot_na.inp::
 OPNLGU> Unit  1 opened for READONLY access to top_all27_prot_na.inp
  
 CHARMM>    read rtf card unit 1
 MAINIO> Residue topology file being read from unit   1.
 TITLE> *>>>>>>>>CHARMM22 ALL-HYDROGEN TOPOLOGY FILE FOR PROTEINS <<<<<<<
 TITLE> *>>>>>>>>>>>>>>>>>>>> AND NUCLEIC ACIDS <<<<<<<<<<<<<<<<<<<<<<<<<
 TITLE> *>>>>> INCLUDES PHI, PSI CROSS TERM MAP (CMAP) CORRECTION <<<<<<<
 TITLE> *>>>>>>>>>>>>>>>>>>>>>>   JULY, 2004    <<<<<<<<<<<<<<<<<<<<<<<<<<
 TITLE> * ALL COMMENTS TO ADM JR. VIA THE CHARMM WEB SITE: WWW.CHARMM.ORG
 TITLE> *               PARAMETER SET DISCUSSION FORUM
 TITLE> *
  
 CHARMM>    close unit 1
 VCLOSE: Closing unit    1 with status "KEEP"
  
 CHARMM>     
  
 CHARMM>    open read card unit 2 name par_all27_prot_na.inp
 VOPEN> Attempting to open::par_all27_prot_na.inp::
 OPNLGU> Unit  2 opened for READONLY access to par_all27_prot_na.inp
  
 CHARMM>    read para card unit 2

          PARAMETER FILE BEING READ FROM UNIT  2
 TITLE> *>>>>> CHARMM22 ALL-HYDROGEN PARAMETER FILE FOR PROTEINS <<<<<<<<
 TITLE> *>>>>>>>>>>>>>>>>>>>> AND NUCLEIC ACIDS <<<<<<<<<<<<<<<<<<<<<<<<<
 TITLE> *>>>>> INCLUDES PHI, PSI CROSS TERM MAP (CMAP) CORRECTION <<<<<<<
 TITLE> *>>>>>>>>>>>>>>>>>>>>>> DECEMBER, 2003 <<<<<<<<<<<<<<<<<<<<<<<<<<
 TITLE> * ALL COMMENTS TO ADM JR. VIA THE CHARMM WEB SITE: WWW.CHARMM.ORG
 TITLE> *               PARAMETER SET DISCUSSION FORUM
 TITLE> *
 PARMIO> NONBOND, HBOND lists and IMAGE atoms cleared.
  
 CHARMM>    close unit 2
 VCLOSE: Closing unit    2 with status "KEEP"
  
 CHARMM>     
  
 CHARMM>    open read card unit 27 name minimize_3i40.psf
 VOPEN> Attempting to open::minimize_3i40.psf::
 OPNLGU> Unit 27 opened for READONLY access to minimize_3i40.psf
  
 CHARMM>    read psf card unit 27
 MAINIO> Protein structure file being read from unit  27.
 TITLE>  *MINIMIZING ENERGY INSULIN
 TITLE>  *  DATE:     1/10/20      3:38: 5      CREATED BY USER: tanvir
 TITLE>  *
 PSFSUM> PSF modified: NONBOND lists and IMAGE atoms cleared.
 PSFSUM> Summary of the structure file counters :
         Number of segments      =        1   Number of residues   =       51
         Number of atoms         =      782   Number of groups     =      252
         Number of bonds         =      793   Number of angles     =     1415
         Number of dihedrals     =     2063   Number of impropers  =      141
         Number of cross-terms   =       47
         Number of HB acceptors  =       78   Number of HB donors  =       85
         Number of NB exclusions =        0   Total charge =   -2.00000
  
 CHARMM>    close unit 27
 VCLOSE: Closing unit   27 with status "KEEP"
  
 CHARMM>     
  
 CHARMM>    open read card unit 23 name minimize_3i40.pdb
 VOPEN> Attempting to open::minimize_3i40.pdb::
 OPNLGU> Unit 23 opened for READONLY access to minimize_3i40.pdb
  
 CHARMM>    read coor pdb unit 23
  read CHARMM-pdb format
          SPATIAL COORDINATES BEING READ FROM UNIT 23
 TITLE>  MINIMIZING ENERGY INSULIN
 TITLE>    DATE:     1/10/20      3:38: 5      CREATED BY USER: TANVIR
 TITLE>  *
  
 CHARMM>    close unit 23
 VCLOSE: Closing unit   23 with status "KEEP"
  
 CHARMM>     
  
 CHARMM>    !to know the coordinates
 CHARMM>    coordinate statistics segid PROT
 STATISTICS FOR       782 SELECTED ATOMS:
    XMIN =  -33.719000 XMAX =   -5.035000 XAVE =  -19.056211
    YMIN =  -12.251000 YMAX =   10.506000 YAVE =   -0.724832
    ZMIN =  -19.992000 ZMAX =    2.102000 ZAVE =   -8.901107
    WMIN =    0.000000 WMAX =   79.460000 WAVE =   14.959974
 **** Warning ****  The following extraneous characters
 were found while command processing in CHARMM
 SEGID PROT
  
 CHARMM>    coordinate translate xdirection -?XAVE ydirection -?YAVE zdirection -?ZAVE
 RDCMND substituted energy or value "?XAVE" to "-19.056211"
 RDCMND substituted energy or value "?YAVE" to "-0.724832481"
 RDCMND substituted energy or value "?ZAVE" to "-8.90110742"
 TRANSLATION VECTOR    19.056211    0.724832    8.901107
 SELECTED COORDINATES TRANSLATED IN THE MAIN SET.

  
 CHARMM>     
  
 CHARMM>    !introducing sphere solvent
 CHARMM>    open read card unit 25 name sphere37.crd
 VOPEN> Attempting to open::sphere37.crd::
 OPNLGU> Unit 25 opened for READONLY access to sphere37.crd
  
 CHARMM>    read sequence coor unit 25
 MAINIO> Sequence information being read from unit  25.
 TITLE> * WATER  SPHERE : RADIUS = 37 A
 TITLE> * BUILT FROM PRIMARY BOX OF LENGTH: 18.856 ---HEADER FOLLOWS:
 TITLE> * ============================================================
 TITLE> * THIS IS A BOX OF 216 3-SITE WATER MOLECULES IN THE EXPERIMENTAL
 TITLE> * GEOMETRY.  IT WAS CONSTRUCTED FROM AN EQUILIBRATED
 TITLE> * CONFIGURATION OF TIP4P (4-SITE WATER MODEL OF JORGENSON)
 TITLE> * WATERS AT 1 ATM PRESSURE AND A DENSITY OF 0.0334 MOLECULES/A**-3.
 TITLE> * THE BOX EDGELENGTH IS 18.856 A.  THE MINIMUM IMAGE PERIODIC
 TITLE> * BOUNDARY ENERGY FOR THIS CONFIGURATION USING THE TIP4P
 TITLE> * POTENTIALS IS -2150.6833 KCAL/MOL.
 TITLE> * IT IS CENTRED ON THE ORIGIN.
 TITLE> * ============================================================
 TITLE> * THE SPHERE CONTAINS 6840 WATER MOLECULES
 TITLE> * MEAN COORDINATES: -0.0423495 0.00693429 -0.0293916
 TITLE> * MAX  COORDINATES: 37.1063 36.6994 37.147
 TITLE> * MIN  COORDINATES: -37.1715 -37.3315 -37.5409
 TITLE> *

          RESIDUE SEQUENCE --  6840 RESIDUES
          TIP3TIP3TIP3TIP3TIP3TIP3TIP3TIP3TIP3TIP3TIP3TIP3TIP3TIP3TIP3TIP3TIP3TIP3TIP3TIP3
          TIP3TIP3TIP3TIP3TIP3TIP3TIP3TIP3TIP3TIP3TIP3TIP3TIP3TIP3TIP3TIP3TIP3TIP3TIP3TIP3
          TIP3TIP3TIP3TIP3TIP3TIP3TIP3TIP3TIP3TIP3TIP3TIP3TIP3TIP3TIP3TIP3TIP3TIP3TIP3TIP3
          TIP3TIP3TIP3TIP3TIP3TIP3TIP3TIP3TIP3TIP3TIP3TIP3TIP3TIP3TIP3TIP3TIP3TIP3TIP3TIP3
          TIP3TIP3TIP3TIP3TIP3TIP3TIP3TIP3TIP3TIP3TIP3TIP3TIP3TIP3TIP3TIP3TIP3TIP3TIP3TIP3
          TIP3TIP3TIP3TIP3TIP3TIP3TIP3TIP3TIP3TIP3TIP3TIP3TIP3TIP3TIP3TIP3TIP3TIP3TIP3TIP3
          TIP3TIP3TIP3TIP3TIP3TIP3TIP3TIP3TIP3TIP3TIP3TIP3TIP3TIP3TIP3TIP3TIP3TIP3TIP3TIP3
          TIP3TIP3TIP3TIP3TIP3TIP3TIP3TIP3TIP3TIP3TIP3TIP3TIP3TIP3TIP3TIP3TIP3TIP3TIP3TIP3
          TIP3TIP3TIP3TIP3TIP3TIP3TIP3TIP3TIP3TIP3TIP3TIP3TIP3TIP3TIP3TIP3TIP3TIP3TIP3TIP3
          TIP3TIP3TIP3TIP3TIP3TIP3TIP3TIP3TIP3TIP3TIP3TIP3TIP3TIP3TIP3TIP3TIP3TIP3TIP3TIP3
          TIP3TIP3TIP3TIP3TIP3TIP3TIP3TIP3TIP3TIP3TIP3TIP3TIP3TIP3TIP3TIP3TIP3TIP3TIP3TIP3
          TIP3TIP3TIP3TIP3TIP3TIP3TIP3TIP3TIP3TIP3TIP3TIP3TIP3TIP3TIP3TIP3TIP3TIP3TIP3TIP3
          TIP3TIP3TIP3TIP3TIP3TIP3TIP3TIP3TIP3TIP3TIP3TIP3TIP3TIP3TIP3TIP3TIP3TIP3TIP3TIP3
          TIP3TIP3TIP3TIP3TIP3TIP3TIP3TIP3TIP3TIP3TIP3TIP3TIP3TIP3TIP3TIP3TIP3TIP3TIP3TIP3
          TIP3TIP3TIP3TIP3TIP3TIP3TIP3TIP3TIP3TIP3TIP3TIP3TIP3TIP3TIP3TIP3TIP3TIP3TIP3TIP3
          TIP3TIP3TIP3TIP3TIP3TIP3TIP3TIP3TIP3TIP3TIP3TIP3TIP3TIP3TIP3TIP3TIP3TIP3TIP3TIP3
          TIP3TIP3TIP3TIP3TIP3TIP3TIP3TIP3TIP3TIP3TIP3TIP3TIP3TIP3TIP3TIP3TIP3TIP3TIP3TIP3
          TIP3TIP3TIP3TIP3TIP3TIP3TIP3TIP3TIP3TIP3TIP3TIP3TIP3TIP3TIP3TIP3TIP3TIP3TIP3TIP3
          TIP3TIP3TIP3TIP3TIP3TIP3TIP3TIP3TIP3TIP3TIP3TIP3TIP3TIP3TIP3TIP3TIP3TIP3TIP3TIP3
          TIP3TIP3TIP3TIP3TIP3TIP3TIP3TIP3TIP3TIP3TIP3TIP3TIP3TIP3TIP3TIP3TIP3TIP3TIP3TIP3
          TIP3TIP3TIP3TIP3TIP3TIP3TIP3TIP3TIP3TIP3TIP3TIP3TIP3TIP3TIP3TIP3TIP3TIP3TIP3TIP3
          TIP3TIP3TIP3TIP3TIP3TIP3TIP3TIP3TIP3TIP3TIP3TIP3TIP3TIP3TIP3TIP3TIP3TIP3TIP3TIP3
          TIP3TIP3TIP3TIP3TIP3TIP3TIP3TIP3TIP3TIP3TIP3TIP3TIP3TIP3TIP3TIP3TIP3TIP3TIP3TIP3
          TIP3TIP3TIP3TIP3TIP3TIP3TIP3TIP3TIP3TIP3TIP3TIP3TIP3TIP3TIP3TIP3TIP3TIP3TIP3TIP3
          TIP3TIP3TIP3TIP3TIP3TIP3TIP3TIP3TIP3TIP3TIP3TIP3TIP3TIP3TIP3TIP3TIP3TIP3TIP3TIP3
          TIP3TIP3TIP3TIP3TIP3TIP3TIP3TIP3TIP3TIP3TIP3TIP3TIP3TIP3TIP3TIP3TIP3TIP3TIP3TIP3
          TIP3TIP3TIP3TIP3TIP3TIP3TIP3TIP3TIP3TIP3TIP3TIP3TIP3TIP3TIP3TIP3TIP3TIP3TIP3TIP3
          TIP3TIP3TIP3TIP3TIP3TIP3TIP3TIP3TIP3TIP3TIP3TIP3TIP3TIP3TIP3TIP3TIP3TIP3TIP3TIP3
          TIP3TIP3TIP3TIP3TIP3TIP3TIP3TIP3TIP3TIP3TIP3TIP3TIP3TIP3TIP3TIP3TIP3TIP3TIP3TIP3
          TIP3TIP3TIP3TIP3TIP3TIP3TIP3TIP3TIP3TIP3TIP3TIP3TIP3TIP3TIP3TIP3TIP3TIP3TIP3TIP3
          TIP3TIP3TIP3TIP3TIP3TIP3TIP3TIP3TIP3TIP3TIP3TIP3TIP3TIP3TIP3TIP3TIP3TIP3TIP3TIP3
          TIP3TIP3TIP3TIP3TIP3TIP3TIP3TIP3TIP3TIP3TIP3TIP3TIP3TIP3TIP3TIP3TIP3TIP3TIP3TIP3
          TIP3TIP3TIP3TIP3TIP3TIP3TIP3TIP3TIP3TIP3TIP3TIP3TIP3TIP3TIP3TIP3TIP3TIP3TIP3TIP3
          TIP3TIP3TIP3TIP3TIP3TIP3TIP3TIP3TIP3TIP3TIP3TIP3TIP3TIP3TIP3TIP3TIP3TIP3TIP3TIP3
          TIP3TIP3TIP3TIP3TIP3TIP3TIP3TIP3TIP3TIP3TIP3TIP3TIP3TIP3TIP3TIP3TIP3TIP3TIP3TIP3
          TIP3TIP3TIP3TIP3TIP3TIP3TIP3TIP3TIP3TIP3TIP3TIP3TIP3TIP3TIP3TIP3TIP3TIP3TIP3TIP3
          TIP3TIP3TIP3TIP3TIP3TIP3TIP3TIP3TIP3TIP3TIP3TIP3TIP3TIP3TIP3TIP3TIP3TIP3TIP3TIP3
          TIP3TIP3TIP3TIP3TIP3TIP3TIP3TIP3TIP3TIP3TIP3TIP3TIP3TIP3TIP3TIP3TIP3TIP3TIP3TIP3
          TIP3TIP3TIP3TIP3TIP3TIP3TIP3TIP3TIP3TIP3TIP3TIP3TIP3TIP3TIP3TIP3TIP3TIP3TIP3TIP3
          TIP3TIP3TIP3TIP3TIP3TIP3TIP3TIP3TIP3TIP3TIP3TIP3TIP3TIP3TIP3TIP3TIP3TIP3TIP3TIP3
          TIP3TIP3TIP3TIP3TIP3TIP3TIP3TIP3TIP3TIP3TIP3TIP3TIP3TIP3TIP3TIP3TIP3TIP3TIP3TIP3
          TIP3TIP3TIP3TIP3TIP3TIP3TIP3TIP3TIP3TIP3TIP3TIP3TIP3TIP3TIP3TIP3TIP3TIP3TIP3TIP3
          TIP3TIP3TIP3TIP3TIP3TIP3TIP3TIP3TIP3TIP3TIP3TIP3TIP3TIP3TIP3TIP3TIP3TIP3TIP3TIP3
          TIP3TIP3TIP3TIP3TIP3TIP3TIP3TIP3TIP3TIP3TIP3TIP3TIP3TIP3TIP3TIP3TIP3TIP3TIP3TIP3
          TIP3TIP3TIP3TIP3TIP3TIP3TIP3TIP3TIP3TIP3TIP3TIP3TIP3TIP3TIP3TIP3TIP3TIP3TIP3TIP3
          TIP3TIP3TIP3TIP3TIP3TIP3TIP3TIP3TIP3TIP3TIP3TIP3TIP3TIP3TIP3TIP3TIP3TIP3TIP3TIP3
          TIP3TIP3TIP3TIP3TIP3TIP3TIP3TIP3TIP3TIP3TIP3TIP3TIP3TIP3TIP3TIP3TIP3TIP3TIP3TIP3
          TIP3TIP3TIP3TIP3TIP3TIP3TIP3TIP3TIP3TIP3TIP3TIP3TIP3TIP3TIP3TIP3TIP3TIP3TIP3TIP3
          TIP3TIP3TIP3TIP3TIP3TIP3TIP3TIP3TIP3TIP3TIP3TIP3TIP3TIP3TIP3TIP3TIP3TIP3TIP3TIP3
          TIP3TIP3TIP3TIP3TIP3TIP3TIP3TIP3TIP3TIP3TIP3TIP3TIP3TIP3TIP3TIP3TIP3TIP3TIP3TIP3
          TIP3TIP3TIP3TIP3TIP3TIP3TIP3TIP3TIP3TIP3TIP3TIP3TIP3TIP3TIP3TIP3TIP3TIP3TIP3TIP3
          TIP3TIP3TIP3TIP3TIP3TIP3TIP3TIP3TIP3TIP3TIP3TIP3TIP3TIP3TIP3TIP3TIP3TIP3TIP3TIP3
          TIP3TIP3TIP3TIP3TIP3TIP3TIP3TIP3TIP3TIP3TIP3TIP3TIP3TIP3TIP3TIP3TIP3TIP3TIP3TIP3
          TIP3TIP3TIP3TIP3TIP3TIP3TIP3TIP3TIP3TIP3TIP3TIP3TIP3TIP3TIP3TIP3TIP3TIP3TIP3TIP3
          TIP3TIP3TIP3TIP3TIP3TIP3TIP3TIP3TIP3TIP3TIP3TIP3TIP3TIP3TIP3TIP3TIP3TIP3TIP3TIP3
          TIP3TIP3TIP3TIP3TIP3TIP3TIP3TIP3TIP3TIP3TIP3TIP3TIP3TIP3TIP3TIP3TIP3TIP3TIP3TIP3
          TIP3TIP3TIP3TIP3TIP3TIP3TIP3TIP3TIP3TIP3TIP3TIP3TIP3TIP3TIP3TIP3TIP3TIP3TIP3TIP3
          TIP3TIP3TIP3TIP3TIP3TIP3TIP3TIP3TIP3TIP3TIP3TIP3TIP3TIP3TIP3TIP3TIP3TIP3TIP3TIP3
          TIP3TIP3TIP3TIP3TIP3TIP3TIP3TIP3TIP3TIP3TIP3TIP3TIP3TIP3TIP3TIP3TIP3TIP3TIP3TIP3
          TIP3TIP3TIP3TIP3TIP3TIP3TIP3TIP3TIP3TIP3TIP3TIP3TIP3TIP3TIP3TIP3TIP3TIP3TIP3TIP3
          TIP3TIP3TIP3TIP3TIP3TIP3TIP3TIP3TIP3TIP3TIP3TIP3TIP3TIP3TIP3TIP3TIP3TIP3TIP3TIP3
          TIP3TIP3TIP3TIP3TIP3TIP3TIP3TIP3TIP3TIP3TIP3TIP3TIP3TIP3TIP3TIP3TIP3TIP3TIP3TIP3
          TIP3TIP3TIP3TIP3TIP3TIP3TIP3TIP3TIP3TIP3TIP3TIP3TIP3TIP3TIP3TIP3TIP3TIP3TIP3TIP3
          TIP3TIP3TIP3TIP3TIP3TIP3TIP3TIP3TIP3TIP3TIP3TIP3TIP3TIP3TIP3TIP3TIP3TIP3TIP3TIP3
          TIP3TIP3TIP3TIP3TIP3TIP3TIP3TIP3TIP3TIP3TIP3TIP3TIP3TIP3TIP3TIP3TIP3TIP3TIP3TIP3
          TIP3TIP3TIP3TIP3TIP3TIP3TIP3TIP3TIP3TIP3TIP3TIP3TIP3TIP3TIP3TIP3TIP3TIP3TIP3TIP3
          TIP3TIP3TIP3TIP3TIP3TIP3TIP3TIP3TIP3TIP3TIP3TIP3TIP3TIP3TIP3TIP3TIP3TIP3TIP3TIP3
          TIP3TIP3TIP3TIP3TIP3TIP3TIP3TIP3TIP3TIP3TIP3TIP3TIP3TIP3TIP3TIP3TIP3TIP3TIP3TIP3
          TIP3TIP3TIP3TIP3TIP3TIP3TIP3TIP3TIP3TIP3TIP3TIP3TIP3TIP3TIP3TIP3TIP3TIP3TIP3TIP3
          TIP3TIP3TIP3TIP3TIP3TIP3TIP3TIP3TIP3TIP3TIP3TIP3TIP3TIP3TIP3TIP3TIP3TIP3TIP3TIP3
          TIP3TIP3TIP3TIP3TIP3TIP3TIP3TIP3TIP3TIP3TIP3TIP3TIP3TIP3TIP3TIP3TIP3TIP3TIP3TIP3
          TIP3TIP3TIP3TIP3TIP3TIP3TIP3TIP3TIP3TIP3TIP3TIP3TIP3TIP3TIP3TIP3TIP3TIP3TIP3TIP3
          TIP3TIP3TIP3TIP3TIP3TIP3TIP3TIP3TIP3TIP3TIP3TIP3TIP3TIP3TIP3TIP3TIP3TIP3TIP3TIP3
          TIP3TIP3TIP3TIP3TIP3TIP3TIP3TIP3TIP3TIP3TIP3TIP3TIP3TIP3TIP3TIP3TIP3TIP3TIP3TIP3
          TIP3TIP3TIP3TIP3TIP3TIP3TIP3TIP3TIP3TIP3TIP3TIP3TIP3TIP3TIP3TIP3TIP3TIP3TIP3TIP3
          TIP3TIP3TIP3TIP3TIP3TIP3TIP3TIP3TIP3TIP3TIP3TIP3TIP3TIP3TIP3TIP3TIP3TIP3TIP3TIP3
          TIP3TIP3TIP3TIP3TIP3TIP3TIP3TIP3TIP3TIP3TIP3TIP3TIP3TIP3TIP3TIP3TIP3TIP3TIP3TIP3
          TIP3TIP3TIP3TIP3TIP3TIP3TIP3TIP3TIP3TIP3TIP3TIP3TIP3TIP3TIP3TIP3TIP3TIP3TIP3TIP3
          TIP3TIP3TIP3TIP3TIP3TIP3TIP3TIP3TIP3TIP3TIP3TIP3TIP3TIP3TIP3TIP3TIP3TIP3TIP3TIP3
          TIP3TIP3TIP3TIP3TIP3TIP3TIP3TIP3TIP3TIP3TIP3TIP3TIP3TIP3TIP3TIP3TIP3TIP3TIP3TIP3
          TIP3TIP3TIP3TIP3TIP3TIP3TIP3TIP3TIP3TIP3TIP3TIP3TIP3TIP3TIP3TIP3TIP3TIP3TIP3TIP3
          TIP3TIP3TIP3TIP3TIP3TIP3TIP3TIP3TIP3TIP3TIP3TIP3TIP3TIP3TIP3TIP3TIP3TIP3TIP3TIP3
          TIP3TIP3TIP3TIP3TIP3TIP3TIP3TIP3TIP3TIP3TIP3TIP3TIP3TIP3TIP3TIP3TIP3TIP3TIP3TIP3
          TIP3TIP3TIP3TIP3TIP3TIP3TIP3TIP3TIP3TIP3TIP3TIP3TIP3TIP3TIP3TIP3TIP3TIP3TIP3TIP3
          TIP3TIP3TIP3TIP3TIP3TIP3TIP3TIP3TIP3TIP3TIP3TIP3TIP3TIP3TIP3TIP3TIP3TIP3TIP3TIP3
          TIP3TIP3TIP3TIP3TIP3TIP3TIP3TIP3TIP3TIP3TIP3TIP3TIP3TIP3TIP3TIP3TIP3TIP3TIP3TIP3
          TIP3TIP3TIP3TIP3TIP3TIP3TIP3TIP3TIP3TIP3TIP3TIP3TIP3TIP3TIP3TIP3TIP3TIP3TIP3TIP3
          TIP3TIP3TIP3TIP3TIP3TIP3TIP3TIP3TIP3TIP3TIP3TIP3TIP3TIP3TIP3TIP3TIP3TIP3TIP3TIP3
          TIP3TIP3TIP3TIP3TIP3TIP3TIP3TIP3TIP3TIP3TIP3TIP3TIP3TIP3TIP3TIP3TIP3TIP3TIP3TIP3
          TIP3TIP3TIP3TIP3TIP3TIP3TIP3TIP3TIP3TIP3TIP3TIP3TIP3TIP3TIP3TIP3TIP3TIP3TIP3TIP3
          TIP3TIP3TIP3TIP3TIP3TIP3TIP3TIP3TIP3TIP3TIP3TIP3TIP3TIP3TIP3TIP3TIP3TIP3TIP3TIP3
          TIP3TIP3TIP3TIP3TIP3TIP3TIP3TIP3TIP3TIP3TIP3TIP3TIP3TIP3TIP3TIP3TIP3TIP3TIP3TIP3
          TIP3TIP3TIP3TIP3TIP3TIP3TIP3TIP3TIP3TIP3TIP3TIP3TIP3TIP3TIP3TIP3TIP3TIP3TIP3TIP3
          TIP3TIP3TIP3TIP3TIP3TIP3TIP3TIP3TIP3TIP3TIP3TIP3TIP3TIP3TIP3TIP3TIP3TIP3TIP3TIP3
          TIP3TIP3TIP3TIP3TIP3TIP3TIP3TIP3TIP3TIP3TIP3TIP3TIP3TIP3TIP3TIP3TIP3TIP3TIP3TIP3
          TIP3TIP3TIP3TIP3TIP3TIP3TIP3TIP3TIP3TIP3TIP3TIP3TIP3TIP3TIP3TIP3TIP3TIP3TIP3TIP3
          TIP3TIP3TIP3TIP3TIP3TIP3TIP3TIP3TIP3TIP3TIP3TIP3TIP3TIP3TIP3TIP3TIP3TIP3TIP3TIP3
          TIP3TIP3TIP3TIP3TIP3TIP3TIP3TIP3TIP3TIP3TIP3TIP3TIP3TIP3TIP3TIP3TIP3TIP3TIP3TIP3
          TIP3TIP3TIP3TIP3TIP3TIP3TIP3TIP3TIP3TIP3TIP3TIP3TIP3TIP3TIP3TIP3TIP3TIP3TIP3TIP3
          TIP3TIP3TIP3TIP3TIP3TIP3TIP3TIP3TIP3TIP3TIP3TIP3TIP3TIP3TIP3TIP3TIP3TIP3TIP3TIP3
          TIP3TIP3TIP3TIP3TIP3TIP3TIP3TIP3TIP3TIP3TIP3TIP3TIP3TIP3TIP3TIP3TIP3TIP3TIP3TIP3
          TIP3TIP3TIP3TIP3TIP3TIP3TIP3TIP3TIP3TIP3TIP3TIP3TIP3TIP3TIP3TIP3TIP3TIP3TIP3TIP3
          TIP3TIP3TIP3TIP3TIP3TIP3TIP3TIP3TIP3TIP3TIP3TIP3TIP3TIP3TIP3TIP3TIP3TIP3TIP3TIP3
          TIP3TIP3TIP3TIP3TIP3TIP3TIP3TIP3TIP3TIP3TIP3TIP3TIP3TIP3TIP3TIP3TIP3TIP3TIP3TIP3
          TIP3TIP3TIP3TIP3TIP3TIP3TIP3TIP3TIP3TIP3TIP3TIP3TIP3TIP3TIP3TIP3TIP3TIP3TIP3TIP3
          TIP3TIP3TIP3TIP3TIP3TIP3TIP3TIP3TIP3TIP3TIP3TIP3TIP3TIP3TIP3TIP3TIP3TIP3TIP3TIP3
          TIP3TIP3TIP3TIP3TIP3TIP3TIP3TIP3TIP3TIP3TIP3TIP3TIP3TIP3TIP3TIP3TIP3TIP3TIP3TIP3
          TIP3TIP3TIP3TIP3TIP3TIP3TIP3TIP3TIP3TIP3TIP3TIP3TIP3TIP3TIP3TIP3TIP3TIP3TIP3TIP3
          TIP3TIP3TIP3TIP3TIP3TIP3TIP3TIP3TIP3TIP3TIP3TIP3TIP3TIP3TIP3TIP3TIP3TIP3TIP3TIP3
          TIP3TIP3TIP3TIP3TIP3TIP3TIP3TIP3TIP3TIP3TIP3TIP3TIP3TIP3TIP3TIP3TIP3TIP3TIP3TIP3
          TIP3TIP3TIP3TIP3TIP3TIP3TIP3TIP3TIP3TIP3TIP3TIP3TIP3TIP3TIP3TIP3TIP3TIP3TIP3TIP3
          TIP3TIP3TIP3TIP3TIP3TIP3TIP3TIP3TIP3TIP3TIP3TIP3TIP3TIP3TIP3TIP3TIP3TIP3TIP3TIP3
          TIP3TIP3TIP3TIP3TIP3TIP3TIP3TIP3TIP3TIP3TIP3TIP3TIP3TIP3TIP3TIP3TIP3TIP3TIP3TIP3
          TIP3TIP3TIP3TIP3TIP3TIP3TIP3TIP3TIP3TIP3TIP3TIP3TIP3TIP3TIP3TIP3TIP3TIP3TIP3TIP3
          TIP3TIP3TIP3TIP3TIP3TIP3TIP3TIP3TIP3TIP3TIP3TIP3TIP3TIP3TIP3TIP3TIP3TIP3TIP3TIP3
          TIP3TIP3TIP3TIP3TIP3TIP3TIP3TIP3TIP3TIP3TIP3TIP3TIP3TIP3TIP3TIP3TIP3TIP3TIP3TIP3
          TIP3TIP3TIP3TIP3TIP3TIP3TIP3TIP3TIP3TIP3TIP3TIP3TIP3TIP3TIP3TIP3TIP3TIP3TIP3TIP3
          TIP3TIP3TIP3TIP3TIP3TIP3TIP3TIP3TIP3TIP3TIP3TIP3TIP3TIP3TIP3TIP3TIP3TIP3TIP3TIP3
          TIP3TIP3TIP3TIP3TIP3TIP3TIP3TIP3TIP3TIP3TIP3TIP3TIP3TIP3TIP3TIP3TIP3TIP3TIP3TIP3
          TIP3TIP3TIP3TIP3TIP3TIP3TIP3TIP3TIP3TIP3TIP3TIP3TIP3TIP3TIP3TIP3TIP3TIP3TIP3TIP3
          TIP3TIP3TIP3TIP3TIP3TIP3TIP3TIP3TIP3TIP3TIP3TIP3TIP3TIP3TIP3TIP3TIP3TIP3TIP3TIP3
          TIP3TIP3TIP3TIP3TIP3TIP3TIP3TIP3TIP3TIP3TIP3TIP3TIP3TIP3TIP3TIP3TIP3TIP3TIP3TIP3
          TIP3TIP3TIP3TIP3TIP3TIP3TIP3TIP3TIP3TIP3TIP3TIP3TIP3TIP3TIP3TIP3TIP3TIP3TIP3TIP3
          TIP3TIP3TIP3TIP3TIP3TIP3TIP3TIP3TIP3TIP3TIP3TIP3TIP3TIP3TIP3TIP3TIP3TIP3TIP3TIP3
          TIP3TIP3TIP3TIP3TIP3TIP3TIP3TIP3TIP3TIP3TIP3TIP3TIP3TIP3TIP3TIP3TIP3TIP3TIP3TIP3
          TIP3TIP3TIP3TIP3TIP3TIP3TIP3TIP3TIP3TIP3TIP3TIP3TIP3TIP3TIP3TIP3TIP3TIP3TIP3TIP3
          TIP3TIP3TIP3TIP3TIP3TIP3TIP3TIP3TIP3TIP3TIP3TIP3TIP3TIP3TIP3TIP3TIP3TIP3TIP3TIP3
          TIP3TIP3TIP3TIP3TIP3TIP3TIP3TIP3TIP3TIP3TIP3TIP3TIP3TIP3TIP3TIP3TIP3TIP3TIP3TIP3
          TIP3TIP3TIP3TIP3TIP3TIP3TIP3TIP3TIP3TIP3TIP3TIP3TIP3TIP3TIP3TIP3TIP3TIP3TIP3TIP3
          TIP3TIP3TIP3TIP3TIP3TIP3TIP3TIP3TIP3TIP3TIP3TIP3TIP3TIP3TIP3TIP3TIP3TIP3TIP3TIP3
          TIP3TIP3TIP3TIP3TIP3TIP3TIP3TIP3TIP3TIP3TIP3TIP3TIP3TIP3TIP3TIP3TIP3TIP3TIP3TIP3
          TIP3TIP3TIP3TIP3TIP3TIP3TIP3TIP3TIP3TIP3TIP3TIP3TIP3TIP3TIP3TIP3TIP3TIP3TIP3TIP3
          TIP3TIP3TIP3TIP3TIP3TIP3TIP3TIP3TIP3TIP3TIP3TIP3TIP3TIP3TIP3TIP3TIP3TIP3TIP3TIP3
          TIP3TIP3TIP3TIP3TIP3TIP3TIP3TIP3TIP3TIP3TIP3TIP3TIP3TIP3TIP3TIP3TIP3TIP3TIP3TIP3
          TIP3TIP3TIP3TIP3TIP3TIP3TIP3TIP3TIP3TIP3TIP3TIP3TIP3TIP3TIP3TIP3TIP3TIP3TIP3TIP3
          TIP3TIP3TIP3TIP3TIP3TIP3TIP3TIP3TIP3TIP3TIP3TIP3TIP3TIP3TIP3TIP3TIP3TIP3TIP3TIP3
          TIP3TIP3TIP3TIP3TIP3TIP3TIP3TIP3TIP3TIP3TIP3TIP3TIP3TIP3TIP3TIP3TIP3TIP3TIP3TIP3
          TIP3TIP3TIP3TIP3TIP3TIP3TIP3TIP3TIP3TIP3TIP3TIP3TIP3TIP3TIP3TIP3TIP3TIP3TIP3TIP3
          TIP3TIP3TIP3TIP3TIP3TIP3TIP3TIP3TIP3TIP3TIP3TIP3TIP3TIP3TIP3TIP3TIP3TIP3TIP3TIP3
          TIP3TIP3TIP3TIP3TIP3TIP3TIP3TIP3TIP3TIP3TIP3TIP3TIP3TIP3TIP3TIP3TIP3TIP3TIP3TIP3
          TIP3TIP3TIP3TIP3TIP3TIP3TIP3TIP3TIP3TIP3TIP3TIP3TIP3TIP3TIP3TIP3TIP3TIP3TIP3TIP3
          TIP3TIP3TIP3TIP3TIP3TIP3TIP3TIP3TIP3TIP3TIP3TIP3TIP3TIP3TIP3TIP3TIP3TIP3TIP3TIP3
          TIP3TIP3TIP3TIP3TIP3TIP3TIP3TIP3TIP3TIP3TIP3TIP3TIP3TIP3TIP3TIP3TIP3TIP3TIP3TIP3
          TIP3TIP3TIP3TIP3TIP3TIP3TIP3TIP3TIP3TIP3TIP3TIP3TIP3TIP3TIP3TIP3TIP3TIP3TIP3TIP3
          TIP3TIP3TIP3TIP3TIP3TIP3TIP3TIP3TIP3TIP3TIP3TIP3TIP3TIP3TIP3TIP3TIP3TIP3TIP3TIP3
          TIP3TIP3TIP3TIP3TIP3TIP3TIP3TIP3TIP3TIP3TIP3TIP3TIP3TIP3TIP3TIP3TIP3TIP3TIP3TIP3
          TIP3TIP3TIP3TIP3TIP3TIP3TIP3TIP3TIP3TIP3TIP3TIP3TIP3TIP3TIP3TIP3TIP3TIP3TIP3TIP3
          TIP3TIP3TIP3TIP3TIP3TIP3TIP3TIP3TIP3TIP3TIP3TIP3TIP3TIP3TIP3TIP3TIP3TIP3TIP3TIP3
          TIP3TIP3TIP3TIP3TIP3TIP3TIP3TIP3TIP3TIP3TIP3TIP3TIP3TIP3TIP3TIP3TIP3TIP3TIP3TIP3
          TIP3TIP3TIP3TIP3TIP3TIP3TIP3TIP3TIP3TIP3TIP3TIP3TIP3TIP3TIP3TIP3TIP3TIP3TIP3TIP3
          TIP3TIP3TIP3TIP3TIP3TIP3TIP3TIP3TIP3TIP3TIP3TIP3TIP3TIP3TIP3TIP3TIP3TIP3TIP3TIP3
          TIP3TIP3TIP3TIP3TIP3TIP3TIP3TIP3TIP3TIP3TIP3TIP3TIP3TIP3TIP3TIP3TIP3TIP3TIP3TIP3
          TIP3TIP3TIP3TIP3TIP3TIP3TIP3TIP3TIP3TIP3TIP3TIP3TIP3TIP3TIP3TIP3TIP3TIP3TIP3TIP3
          TIP3TIP3TIP3TIP3TIP3TIP3TIP3TIP3TIP3TIP3TIP3TIP3TIP3TIP3TIP3TIP3TIP3TIP3TIP3TIP3
          TIP3TIP3TIP3TIP3TIP3TIP3TIP3TIP3TIP3TIP3TIP3TIP3TIP3TIP3TIP3TIP3TIP3TIP3TIP3TIP3
          TIP3TIP3TIP3TIP3TIP3TIP3TIP3TIP3TIP3TIP3TIP3TIP3TIP3TIP3TIP3TIP3TIP3TIP3TIP3TIP3
          TIP3TIP3TIP3TIP3TIP3TIP3TIP3TIP3TIP3TIP3TIP3TIP3TIP3TIP3TIP3TIP3TIP3TIP3TIP3TIP3
          TIP3TIP3TIP3TIP3TIP3TIP3TIP3TIP3TIP3TIP3TIP3TIP3TIP3TIP3TIP3TIP3TIP3TIP3TIP3TIP3
          TIP3TIP3TIP3TIP3TIP3TIP3TIP3TIP3TIP3TIP3TIP3TIP3TIP3TIP3TIP3TIP3TIP3TIP3TIP3TIP3
          TIP3TIP3TIP3TIP3TIP3TIP3TIP3TIP3TIP3TIP3TIP3TIP3TIP3TIP3TIP3TIP3TIP3TIP3TIP3TIP3
          TIP3TIP3TIP3TIP3TIP3TIP3TIP3TIP3TIP3TIP3TIP3TIP3TIP3TIP3TIP3TIP3TIP3TIP3TIP3TIP3
          TIP3TIP3TIP3TIP3TIP3TIP3TIP3TIP3TIP3TIP3TIP3TIP3TIP3TIP3TIP3TIP3TIP3TIP3TIP3TIP3
          TIP3TIP3TIP3TIP3TIP3TIP3TIP3TIP3TIP3TIP3TIP3TIP3TIP3TIP3TIP3TIP3TIP3TIP3TIP3TIP3
          TIP3TIP3TIP3TIP3TIP3TIP3TIP3TIP3TIP3TIP3TIP3TIP3TIP3TIP3TIP3TIP3TIP3TIP3TIP3TIP3
          TIP3TIP3TIP3TIP3TIP3TIP3TIP3TIP3TIP3TIP3TIP3TIP3TIP3TIP3TIP3TIP3TIP3TIP3TIP3TIP3
          TIP3TIP3TIP3TIP3TIP3TIP3TIP3TIP3TIP3TIP3TIP3TIP3TIP3TIP3TIP3TIP3TIP3TIP3TIP3TIP3
          TIP3TIP3TIP3TIP3TIP3TIP3TIP3TIP3TIP3TIP3TIP3TIP3TIP3TIP3TIP3TIP3TIP3TIP3TIP3TIP3
          TIP3TIP3TIP3TIP3TIP3TIP3TIP3TIP3TIP3TIP3TIP3TIP3TIP3TIP3TIP3TIP3TIP3TIP3TIP3TIP3
          TIP3TIP3TIP3TIP3TIP3TIP3TIP3TIP3TIP3TIP3TIP3TIP3TIP3TIP3TIP3TIP3TIP3TIP3TIP3TIP3
          TIP3TIP3TIP3TIP3TIP3TIP3TIP3TIP3TIP3TIP3TIP3TIP3TIP3TIP3TIP3TIP3TIP3TIP3TIP3TIP3
          TIP3TIP3TIP3TIP3TIP3TIP3TIP3TIP3TIP3TIP3TIP3TIP3TIP3TIP3TIP3TIP3TIP3TIP3TIP3TIP3
          TIP3TIP3TIP3TIP3TIP3TIP3TIP3TIP3TIP3TIP3TIP3TIP3TIP3TIP3TIP3TIP3TIP3TIP3TIP3TIP3
          TIP3TIP3TIP3TIP3TIP3TIP3TIP3TIP3TIP3TIP3TIP3TIP3TIP3TIP3TIP3TIP3TIP3TIP3TIP3TIP3
          TIP3TIP3TIP3TIP3TIP3TIP3TIP3TIP3TIP3TIP3TIP3TIP3TIP3TIP3TIP3TIP3TIP3TIP3TIP3TIP3
          TIP3TIP3TIP3TIP3TIP3TIP3TIP3TIP3TIP3TIP3TIP3TIP3TIP3TIP3TIP3TIP3TIP3TIP3TIP3TIP3
          TIP3TIP3TIP3TIP3TIP3TIP3TIP3TIP3TIP3TIP3TIP3TIP3TIP3TIP3TIP3TIP3TIP3TIP3TIP3TIP3
          TIP3TIP3TIP3TIP3TIP3TIP3TIP3TIP3TIP3TIP3TIP3TIP3TIP3TIP3TIP3TIP3TIP3TIP3TIP3TIP3
          TIP3TIP3TIP3TIP3TIP3TIP3TIP3TIP3TIP3TIP3TIP3TIP3TIP3TIP3TIP3TIP3TIP3TIP3TIP3TIP3
          TIP3TIP3TIP3TIP3TIP3TIP3TIP3TIP3TIP3TIP3TIP3TIP3TIP3TIP3TIP3TIP3TIP3TIP3TIP3TIP3
          TIP3TIP3TIP3TIP3TIP3TIP3TIP3TIP3TIP3TIP3TIP3TIP3TIP3TIP3TIP3TIP3TIP3TIP3TIP3TIP3
          TIP3TIP3TIP3TIP3TIP3TIP3TIP3TIP3TIP3TIP3TIP3TIP3TIP3TIP3TIP3TIP3TIP3TIP3TIP3TIP3
          TIP3TIP3TIP3TIP3TIP3TIP3TIP3TIP3TIP3TIP3TIP3TIP3TIP3TIP3TIP3TIP3TIP3TIP3TIP3TIP3
          TIP3TIP3TIP3TIP3TIP3TIP3TIP3TIP3TIP3TIP3TIP3TIP3TIP3TIP3TIP3TIP3TIP3TIP3TIP3TIP3
          TIP3TIP3TIP3TIP3TIP3TIP3TIP3TIP3TIP3TIP3TIP3TIP3TIP3TIP3TIP3TIP3TIP3TIP3TIP3TIP3
          TIP3TIP3TIP3TIP3TIP3TIP3TIP3TIP3TIP3TIP3TIP3TIP3TIP3TIP3TIP3TIP3TIP3TIP3TIP3TIP3
          TIP3TIP3TIP3TIP3TIP3TIP3TIP3TIP3TIP3TIP3TIP3TIP3TIP3TIP3TIP3TIP3TIP3TIP3TIP3TIP3
          TIP3TIP3TIP3TIP3TIP3TIP3TIP3TIP3TIP3TIP3TIP3TIP3TIP3TIP3TIP3TIP3TIP3TIP3TIP3TIP3
          TIP3TIP3TIP3TIP3TIP3TIP3TIP3TIP3TIP3TIP3TIP3TIP3TIP3TIP3TIP3TIP3TIP3TIP3TIP3TIP3
          TIP3TIP3TIP3TIP3TIP3TIP3TIP3TIP3TIP3TIP3TIP3TIP3TIP3TIP3TIP3TIP3TIP3TIP3TIP3TIP3
          TIP3TIP3TIP3TIP3TIP3TIP3TIP3TIP3TIP3TIP3TIP3TIP3TIP3TIP3TIP3TIP3TIP3TIP3TIP3TIP3
          TIP3TIP3TIP3TIP3TIP3TIP3TIP3TIP3TIP3TIP3TIP3TIP3TIP3TIP3TIP3TIP3TIP3TIP3TIP3TIP3
          TIP3TIP3TIP3TIP3TIP3TIP3TIP3TIP3TIP3TIP3TIP3TIP3TIP3TIP3TIP3TIP3TIP3TIP3TIP3TIP3
          TIP3TIP3TIP3TIP3TIP3TIP3TIP3TIP3TIP3TIP3TIP3TIP3TIP3TIP3TIP3TIP3TIP3TIP3TIP3TIP3
          TIP3TIP3TIP3TIP3TIP3TIP3TIP3TIP3TIP3TIP3TIP3TIP3TIP3TIP3TIP3TIP3TIP3TIP3TIP3TIP3
          TIP3TIP3TIP3TIP3TIP3TIP3TIP3TIP3TIP3TIP3TIP3TIP3TIP3TIP3TIP3TIP3TIP3TIP3TIP3TIP3
          TIP3TIP3TIP3TIP3TIP3TIP3TIP3TIP3TIP3TIP3TIP3TIP3TIP3TIP3TIP3TIP3TIP3TIP3TIP3TIP3
          TIP3TIP3TIP3TIP3TIP3TIP3TIP3TIP3TIP3TIP3TIP3TIP3TIP3TIP3TIP3TIP3TIP3TIP3TIP3TIP3
          TIP3TIP3TIP3TIP3TIP3TIP3TIP3TIP3TIP3TIP3TIP3TIP3TIP3TIP3TIP3TIP3TIP3TIP3TIP3TIP3
          TIP3TIP3TIP3TIP3TIP3TIP3TIP3TIP3TIP3TIP3TIP3TIP3TIP3TIP3TIP3TIP3TIP3TIP3TIP3TIP3
          TIP3TIP3TIP3TIP3TIP3TIP3TIP3TIP3TIP3TIP3TIP3TIP3TIP3TIP3TIP3TIP3TIP3TIP3TIP3TIP3
          TIP3TIP3TIP3TIP3TIP3TIP3TIP3TIP3TIP3TIP3TIP3TIP3TIP3TIP3TIP3TIP3TIP3TIP3TIP3TIP3
          TIP3TIP3TIP3TIP3TIP3TIP3TIP3TIP3TIP3TIP3TIP3TIP3TIP3TIP3TIP3TIP3TIP3TIP3TIP3TIP3
          TIP3TIP3TIP3TIP3TIP3TIP3TIP3TIP3TIP3TIP3TIP3TIP3TIP3TIP3TIP3TIP3TIP3TIP3TIP3TIP3
          TIP3TIP3TIP3TIP3TIP3TIP3TIP3TIP3TIP3TIP3TIP3TIP3TIP3TIP3TIP3TIP3TIP3TIP3TIP3TIP3
          TIP3TIP3TIP3TIP3TIP3TIP3TIP3TIP3TIP3TIP3TIP3TIP3TIP3TIP3TIP3TIP3TIP3TIP3TIP3TIP3
          TIP3TIP3TIP3TIP3TIP3TIP3TIP3TIP3TIP3TIP3TIP3TIP3TIP3TIP3TIP3TIP3TIP3TIP3TIP3TIP3
          TIP3TIP3TIP3TIP3TIP3TIP3TIP3TIP3TIP3TIP3TIP3TIP3TIP3TIP3TIP3TIP3TIP3TIP3TIP3TIP3
          TIP3TIP3TIP3TIP3TIP3TIP3TIP3TIP3TIP3TIP3TIP3TIP3TIP3TIP3TIP3TIP3TIP3TIP3TIP3TIP3
          TIP3TIP3TIP3TIP3TIP3TIP3TIP3TIP3TIP3TIP3TIP3TIP3TIP3TIP3TIP3TIP3TIP3TIP3TIP3TIP3
          TIP3TIP3TIP3TIP3TIP3TIP3TIP3TIP3TIP3TIP3TIP3TIP3TIP3TIP3TIP3TIP3TIP3TIP3TIP3TIP3
          TIP3TIP3TIP3TIP3TIP3TIP3TIP3TIP3TIP3TIP3TIP3TIP3TIP3TIP3TIP3TIP3TIP3TIP3TIP3TIP3
          TIP3TIP3TIP3TIP3TIP3TIP3TIP3TIP3TIP3TIP3TIP3TIP3TIP3TIP3TIP3TIP3TIP3TIP3TIP3TIP3
          TIP3TIP3TIP3TIP3TIP3TIP3TIP3TIP3TIP3TIP3TIP3TIP3TIP3TIP3TIP3TIP3TIP3TIP3TIP3TIP3
          TIP3TIP3TIP3TIP3TIP3TIP3TIP3TIP3TIP3TIP3TIP3TIP3TIP3TIP3TIP3TIP3TIP3TIP3TIP3TIP3
          TIP3TIP3TIP3TIP3TIP3TIP3TIP3TIP3TIP3TIP3TIP3TIP3TIP3TIP3TIP3TIP3TIP3TIP3TIP3TIP3
          TIP3TIP3TIP3TIP3TIP3TIP3TIP3TIP3TIP3TIP3TIP3TIP3TIP3TIP3TIP3TIP3TIP3TIP3TIP3TIP3
          TIP3TIP3TIP3TIP3TIP3TIP3TIP3TIP3TIP3TIP3TIP3TIP3TIP3TIP3TIP3TIP3TIP3TIP3TIP3TIP3
          TIP3TIP3TIP3TIP3TIP3TIP3TIP3TIP3TIP3TIP3TIP3TIP3TIP3TIP3TIP3TIP3TIP3TIP3TIP3TIP3
          TIP3TIP3TIP3TIP3TIP3TIP3TIP3TIP3TIP3TIP3TIP3TIP3TIP3TIP3TIP3TIP3TIP3TIP3TIP3TIP3
          TIP3TIP3TIP3TIP3TIP3TIP3TIP3TIP3TIP3TIP3TIP3TIP3TIP3TIP3TIP3TIP3TIP3TIP3TIP3TIP3
          TIP3TIP3TIP3TIP3TIP3TIP3TIP3TIP3TIP3TIP3TIP3TIP3TIP3TIP3TIP3TIP3TIP3TIP3TIP3TIP3
          TIP3TIP3TIP3TIP3TIP3TIP3TIP3TIP3TIP3TIP3TIP3TIP3TIP3TIP3TIP3TIP3TIP3TIP3TIP3TIP3
          TIP3TIP3TIP3TIP3TIP3TIP3TIP3TIP3TIP3TIP3TIP3TIP3TIP3TIP3TIP3TIP3TIP3TIP3TIP3TIP3
          TIP3TIP3TIP3TIP3TIP3TIP3TIP3TIP3TIP3TIP3TIP3TIP3TIP3TIP3TIP3TIP3TIP3TIP3TIP3TIP3
          TIP3TIP3TIP3TIP3TIP3TIP3TIP3TIP3TIP3TIP3TIP3TIP3TIP3TIP3TIP3TIP3TIP3TIP3TIP3TIP3
          TIP3TIP3TIP3TIP3TIP3TIP3TIP3TIP3TIP3TIP3TIP3TIP3TIP3TIP3TIP3TIP3TIP3TIP3TIP3TIP3
          TIP3TIP3TIP3TIP3TIP3TIP3TIP3TIP3TIP3TIP3TIP3TIP3TIP3TIP3TIP3TIP3TIP3TIP3TIP3TIP3
          TIP3TIP3TIP3TIP3TIP3TIP3TIP3TIP3TIP3TIP3TIP3TIP3TIP3TIP3TIP3TIP3TIP3TIP3TIP3TIP3
          TIP3TIP3TIP3TIP3TIP3TIP3TIP3TIP3TIP3TIP3TIP3TIP3TIP3TIP3TIP3TIP3TIP3TIP3TIP3TIP3
          TIP3TIP3TIP3TIP3TIP3TIP3TIP3TIP3TIP3TIP3TIP3TIP3TIP3TIP3TIP3TIP3TIP3TIP3TIP3TIP3
          TIP3TIP3TIP3TIP3TIP3TIP3TIP3TIP3TIP3TIP3TIP3TIP3TIP3TIP3TIP3TIP3TIP3TIP3TIP3TIP3
          TIP3TIP3TIP3TIP3TIP3TIP3TIP3TIP3TIP3TIP3TIP3TIP3TIP3TIP3TIP3TIP3TIP3TIP3TIP3TIP3
          TIP3TIP3TIP3TIP3TIP3TIP3TIP3TIP3TIP3TIP3TIP3TIP3TIP3TIP3TIP3TIP3TIP3TIP3TIP3TIP3
          TIP3TIP3TIP3TIP3TIP3TIP3TIP3TIP3TIP3TIP3TIP3TIP3TIP3TIP3TIP3TIP3TIP3TIP3TIP3TIP3
          TIP3TIP3TIP3TIP3TIP3TIP3TIP3TIP3TIP3TIP3TIP3TIP3TIP3TIP3TIP3TIP3TIP3TIP3TIP3TIP3
          TIP3TIP3TIP3TIP3TIP3TIP3TIP3TIP3TIP3TIP3TIP3TIP3TIP3TIP3TIP3TIP3TIP3TIP3TIP3TIP3
          TIP3TIP3TIP3TIP3TIP3TIP3TIP3TIP3TIP3TIP3TIP3TIP3TIP3TIP3TIP3TIP3TIP3TIP3TIP3TIP3
          TIP3TIP3TIP3TIP3TIP3TIP3TIP3TIP3TIP3TIP3TIP3TIP3TIP3TIP3TIP3TIP3TIP3TIP3TIP3TIP3
          TIP3TIP3TIP3TIP3TIP3TIP3TIP3TIP3TIP3TIP3TIP3TIP3TIP3TIP3TIP3TIP3TIP3TIP3TIP3TIP3
          TIP3TIP3TIP3TIP3TIP3TIP3TIP3TIP3TIP3TIP3TIP3TIP3TIP3TIP3TIP3TIP3TIP3TIP3TIP3TIP3
          TIP3TIP3TIP3TIP3TIP3TIP3TIP3TIP3TIP3TIP3TIP3TIP3TIP3TIP3TIP3TIP3TIP3TIP3TIP3TIP3
          TIP3TIP3TIP3TIP3TIP3TIP3TIP3TIP3TIP3TIP3TIP3TIP3TIP3TIP3TIP3TIP3TIP3TIP3TIP3TIP3
          TIP3TIP3TIP3TIP3TIP3TIP3TIP3TIP3TIP3TIP3TIP3TIP3TIP3TIP3TIP3TIP3TIP3TIP3TIP3TIP3
          TIP3TIP3TIP3TIP3TIP3TIP3TIP3TIP3TIP3TIP3TIP3TIP3TIP3TIP3TIP3TIP3TIP3TIP3TIP3TIP3
          TIP3TIP3TIP3TIP3TIP3TIP3TIP3TIP3TIP3TIP3TIP3TIP3TIP3TIP3TIP3TIP3TIP3TIP3TIP3TIP3
          TIP3TIP3TIP3TIP3TIP3TIP3TIP3TIP3TIP3TIP3TIP3TIP3TIP3TIP3TIP3TIP3TIP3TIP3TIP3TIP3
          TIP3TIP3TIP3TIP3TIP3TIP3TIP3TIP3TIP3TIP3TIP3TIP3TIP3TIP3TIP3TIP3TIP3TIP3TIP3TIP3
          TIP3TIP3TIP3TIP3TIP3TIP3TIP3TIP3TIP3TIP3TIP3TIP3TIP3TIP3TIP3TIP3TIP3TIP3TIP3TIP3
          TIP3TIP3TIP3TIP3TIP3TIP3TIP3TIP3TIP3TIP3TIP3TIP3TIP3TIP3TIP3TIP3TIP3TIP3TIP3TIP3
          TIP3TIP3TIP3TIP3TIP3TIP3TIP3TIP3TIP3TIP3TIP3TIP3TIP3TIP3TIP3TIP3TIP3TIP3TIP3TIP3
          TIP3TIP3TIP3TIP3TIP3TIP3TIP3TIP3TIP3TIP3TIP3TIP3TIP3TIP3TIP3TIP3TIP3TIP3TIP3TIP3
          TIP3TIP3TIP3TIP3TIP3TIP3TIP3TIP3TIP3TIP3TIP3TIP3TIP3TIP3TIP3TIP3TIP3TIP3TIP3TIP3
          TIP3TIP3TIP3TIP3TIP3TIP3TIP3TIP3TIP3TIP3TIP3TIP3TIP3TIP3TIP3TIP3TIP3TIP3TIP3TIP3
          TIP3TIP3TIP3TIP3TIP3TIP3TIP3TIP3TIP3TIP3TIP3TIP3TIP3TIP3TIP3TIP3TIP3TIP3TIP3TIP3
          TIP3TIP3TIP3TIP3TIP3TIP3TIP3TIP3TIP3TIP3TIP3TIP3TIP3TIP3TIP3TIP3TIP3TIP3TIP3TIP3
          TIP3TIP3TIP3TIP3TIP3TIP3TIP3TIP3TIP3TIP3TIP3TIP3TIP3TIP3TIP3TIP3TIP3TIP3TIP3TIP3
          TIP3TIP3TIP3TIP3TIP3TIP3TIP3TIP3TIP3TIP3TIP3TIP3TIP3TIP3TIP3TIP3TIP3TIP3TIP3TIP3
          TIP3TIP3TIP3TIP3TIP3TIP3TIP3TIP3TIP3TIP3TIP3TIP3TIP3TIP3TIP3TIP3TIP3TIP3TIP3TIP3
          TIP3TIP3TIP3TIP3TIP3TIP3TIP3TIP3TIP3TIP3TIP3TIP3TIP3TIP3TIP3TIP3TIP3TIP3TIP3TIP3
          TIP3TIP3TIP3TIP3TIP3TIP3TIP3TIP3TIP3TIP3TIP3TIP3TIP3TIP3TIP3TIP3TIP3TIP3TIP3TIP3
          TIP3TIP3TIP3TIP3TIP3TIP3TIP3TIP3TIP3TIP3TIP3TIP3TIP3TIP3TIP3TIP3TIP3TIP3TIP3TIP3
          TIP3TIP3TIP3TIP3TIP3TIP3TIP3TIP3TIP3TIP3TIP3TIP3TIP3TIP3TIP3TIP3TIP3TIP3TIP3TIP3
          TIP3TIP3TIP3TIP3TIP3TIP3TIP3TIP3TIP3TIP3TIP3TIP3TIP3TIP3TIP3TIP3TIP3TIP3TIP3TIP3
          TIP3TIP3TIP3TIP3TIP3TIP3TIP3TIP3TIP3TIP3TIP3TIP3TIP3TIP3TIP3TIP3TIP3TIP3TIP3TIP3
          TIP3TIP3TIP3TIP3TIP3TIP3TIP3TIP3TIP3TIP3TIP3TIP3TIP3TIP3TIP3TIP3TIP3TIP3TIP3TIP3
          TIP3TIP3TIP3TIP3TIP3TIP3TIP3TIP3TIP3TIP3TIP3TIP3TIP3TIP3TIP3TIP3TIP3TIP3TIP3TIP3
          TIP3TIP3TIP3TIP3TIP3TIP3TIP3TIP3TIP3TIP3TIP3TIP3TIP3TIP3TIP3TIP3TIP3TIP3TIP3TIP3
          TIP3TIP3TIP3TIP3TIP3TIP3TIP3TIP3TIP3TIP3TIP3TIP3TIP3TIP3TIP3TIP3TIP3TIP3TIP3TIP3
          TIP3TIP3TIP3TIP3TIP3TIP3TIP3TIP3TIP3TIP3TIP3TIP3TIP3TIP3TIP3TIP3TIP3TIP3TIP3TIP3
          TIP3TIP3TIP3TIP3TIP3TIP3TIP3TIP3TIP3TIP3TIP3TIP3TIP3TIP3TIP3TIP3TIP3TIP3TIP3TIP3
          TIP3TIP3TIP3TIP3TIP3TIP3TIP3TIP3TIP3TIP3TIP3TIP3TIP3TIP3TIP3TIP3TIP3TIP3TIP3TIP3
          TIP3TIP3TIP3TIP3TIP3TIP3TIP3TIP3TIP3TIP3TIP3TIP3TIP3TIP3TIP3TIP3TIP3TIP3TIP3TIP3
          TIP3TIP3TIP3TIP3TIP3TIP3TIP3TIP3TIP3TIP3TIP3TIP3TIP3TIP3TIP3TIP3TIP3TIP3TIP3TIP3
          TIP3TIP3TIP3TIP3TIP3TIP3TIP3TIP3TIP3TIP3TIP3TIP3TIP3TIP3TIP3TIP3TIP3TIP3TIP3TIP3
          TIP3TIP3TIP3TIP3TIP3TIP3TIP3TIP3TIP3TIP3TIP3TIP3TIP3TIP3TIP3TIP3TIP3TIP3TIP3TIP3
          TIP3TIP3TIP3TIP3TIP3TIP3TIP3TIP3TIP3TIP3TIP3TIP3TIP3TIP3TIP3TIP3TIP3TIP3TIP3TIP3
          TIP3TIP3TIP3TIP3TIP3TIP3TIP3TIP3TIP3TIP3TIP3TIP3TIP3TIP3TIP3TIP3TIP3TIP3TIP3TIP3
          TIP3TIP3TIP3TIP3TIP3TIP3TIP3TIP3TIP3TIP3TIP3TIP3TIP3TIP3TIP3TIP3TIP3TIP3TIP3TIP3
          TIP3TIP3TIP3TIP3TIP3TIP3TIP3TIP3TIP3TIP3TIP3TIP3TIP3TIP3TIP3TIP3TIP3TIP3TIP3TIP3
          TIP3TIP3TIP3TIP3TIP3TIP3TIP3TIP3TIP3TIP3TIP3TIP3TIP3TIP3TIP3TIP3TIP3TIP3TIP3TIP3
          TIP3TIP3TIP3TIP3TIP3TIP3TIP3TIP3TIP3TIP3TIP3TIP3TIP3TIP3TIP3TIP3TIP3TIP3TIP3TIP3
          TIP3TIP3TIP3TIP3TIP3TIP3TIP3TIP3TIP3TIP3TIP3TIP3TIP3TIP3TIP3TIP3TIP3TIP3TIP3TIP3
          TIP3TIP3TIP3TIP3TIP3TIP3TIP3TIP3TIP3TIP3TIP3TIP3TIP3TIP3TIP3TIP3TIP3TIP3TIP3TIP3
          TIP3TIP3TIP3TIP3TIP3TIP3TIP3TIP3TIP3TIP3TIP3TIP3TIP3TIP3TIP3TIP3TIP3TIP3TIP3TIP3
          TIP3TIP3TIP3TIP3TIP3TIP3TIP3TIP3TIP3TIP3TIP3TIP3TIP3TIP3TIP3TIP3TIP3TIP3TIP3TIP3
          TIP3TIP3TIP3TIP3TIP3TIP3TIP3TIP3TIP3TIP3TIP3TIP3TIP3TIP3TIP3TIP3TIP3TIP3TIP3TIP3
          TIP3TIP3TIP3TIP3TIP3TIP3TIP3TIP3TIP3TIP3TIP3TIP3TIP3TIP3TIP3TIP3TIP3TIP3TIP3TIP3
          TIP3TIP3TIP3TIP3TIP3TIP3TIP3TIP3TIP3TIP3TIP3TIP3TIP3TIP3TIP3TIP3TIP3TIP3TIP3TIP3
          TIP3TIP3TIP3TIP3TIP3TIP3TIP3TIP3TIP3TIP3TIP3TIP3TIP3TIP3TIP3TIP3TIP3TIP3TIP3TIP3
          TIP3TIP3TIP3TIP3TIP3TIP3TIP3TIP3TIP3TIP3TIP3TIP3TIP3TIP3TIP3TIP3TIP3TIP3TIP3TIP3
          TIP3TIP3TIP3TIP3TIP3TIP3TIP3TIP3TIP3TIP3TIP3TIP3TIP3TIP3TIP3TIP3TIP3TIP3TIP3TIP3
          TIP3TIP3TIP3TIP3TIP3TIP3TIP3TIP3TIP3TIP3TIP3TIP3TIP3TIP3TIP3TIP3TIP3TIP3TIP3TIP3
          TIP3TIP3TIP3TIP3TIP3TIP3TIP3TIP3TIP3TIP3TIP3TIP3TIP3TIP3TIP3TIP3TIP3TIP3TIP3TIP3
          TIP3TIP3TIP3TIP3TIP3TIP3TIP3TIP3TIP3TIP3TIP3TIP3TIP3TIP3TIP3TIP3TIP3TIP3TIP3TIP3
          TIP3TIP3TIP3TIP3TIP3TIP3TIP3TIP3TIP3TIP3TIP3TIP3TIP3TIP3TIP3TIP3TIP3TIP3TIP3TIP3
          TIP3TIP3TIP3TIP3TIP3TIP3TIP3TIP3TIP3TIP3TIP3TIP3TIP3TIP3TIP3TIP3TIP3TIP3TIP3TIP3
          TIP3TIP3TIP3TIP3TIP3TIP3TIP3TIP3TIP3TIP3TIP3TIP3TIP3TIP3TIP3TIP3TIP3TIP3TIP3TIP3
          TIP3TIP3TIP3TIP3TIP3TIP3TIP3TIP3TIP3TIP3TIP3TIP3TIP3TIP3TIP3TIP3TIP3TIP3TIP3TIP3
          TIP3TIP3TIP3TIP3TIP3TIP3TIP3TIP3TIP3TIP3TIP3TIP3TIP3TIP3TIP3TIP3TIP3TIP3TIP3TIP3
          TIP3TIP3TIP3TIP3TIP3TIP3TIP3TIP3TIP3TIP3TIP3TIP3TIP3TIP3TIP3TIP3TIP3TIP3TIP3TIP3
          TIP3TIP3TIP3TIP3TIP3TIP3TIP3TIP3TIP3TIP3TIP3TIP3TIP3TIP3TIP3TIP3TIP3TIP3TIP3TIP3
          TIP3TIP3TIP3TIP3TIP3TIP3TIP3TIP3TIP3TIP3TIP3TIP3TIP3TIP3TIP3TIP3TIP3TIP3TIP3TIP3
          TIP3TIP3TIP3TIP3TIP3TIP3TIP3TIP3TIP3TIP3TIP3TIP3TIP3TIP3TIP3TIP3TIP3TIP3TIP3TIP3
          TIP3TIP3TIP3TIP3TIP3TIP3TIP3TIP3TIP3TIP3TIP3TIP3TIP3TIP3TIP3TIP3TIP3TIP3TIP3TIP3
          TIP3TIP3TIP3TIP3TIP3TIP3TIP3TIP3TIP3TIP3TIP3TIP3TIP3TIP3TIP3TIP3TIP3TIP3TIP3TIP3
          TIP3TIP3TIP3TIP3TIP3TIP3TIP3TIP3TIP3TIP3TIP3TIP3TIP3TIP3TIP3TIP3TIP3TIP3TIP3TIP3
          TIP3TIP3TIP3TIP3TIP3TIP3TIP3TIP3TIP3TIP3TIP3TIP3TIP3TIP3TIP3TIP3TIP3TIP3TIP3TIP3
          TIP3TIP3TIP3TIP3TIP3TIP3TIP3TIP3TIP3TIP3TIP3TIP3TIP3TIP3TIP3TIP3TIP3TIP3TIP3TIP3
          TIP3TIP3TIP3TIP3TIP3TIP3TIP3TIP3TIP3TIP3TIP3TIP3TIP3TIP3TIP3TIP3TIP3TIP3TIP3TIP3
          TIP3TIP3TIP3TIP3TIP3TIP3TIP3TIP3TIP3TIP3TIP3TIP3TIP3TIP3TIP3TIP3TIP3TIP3TIP3TIP3
          TIP3TIP3TIP3TIP3TIP3TIP3TIP3TIP3TIP3TIP3TIP3TIP3TIP3TIP3TIP3TIP3TIP3TIP3TIP3TIP3
          TIP3TIP3TIP3TIP3TIP3TIP3TIP3TIP3TIP3TIP3TIP3TIP3TIP3TIP3TIP3TIP3TIP3TIP3TIP3TIP3
          TIP3TIP3TIP3TIP3TIP3TIP3TIP3TIP3TIP3TIP3TIP3TIP3TIP3TIP3TIP3TIP3TIP3TIP3TIP3TIP3
          TIP3TIP3TIP3TIP3TIP3TIP3TIP3TIP3TIP3TIP3TIP3TIP3TIP3TIP3TIP3TIP3TIP3TIP3TIP3TIP3
          TIP3TIP3TIP3TIP3TIP3TIP3TIP3TIP3TIP3TIP3TIP3TIP3TIP3TIP3TIP3TIP3TIP3TIP3TIP3TIP3
          TIP3TIP3TIP3TIP3TIP3TIP3TIP3TIP3TIP3TIP3TIP3TIP3TIP3TIP3TIP3TIP3TIP3TIP3TIP3TIP3
          TIP3TIP3TIP3TIP3TIP3TIP3TIP3TIP3TIP3TIP3TIP3TIP3TIP3TIP3TIP3TIP3TIP3TIP3TIP3TIP3
          TIP3TIP3TIP3TIP3TIP3TIP3TIP3TIP3TIP3TIP3TIP3TIP3TIP3TIP3TIP3TIP3TIP3TIP3TIP3TIP3
          TIP3TIP3TIP3TIP3TIP3TIP3TIP3TIP3TIP3TIP3TIP3TIP3TIP3TIP3TIP3TIP3TIP3TIP3TIP3TIP3
          TIP3TIP3TIP3TIP3TIP3TIP3TIP3TIP3TIP3TIP3TIP3TIP3TIP3TIP3TIP3TIP3TIP3TIP3TIP3TIP3
          TIP3TIP3TIP3TIP3TIP3TIP3TIP3TIP3TIP3TIP3TIP3TIP3TIP3TIP3TIP3TIP3TIP3TIP3TIP3TIP3
          TIP3TIP3TIP3TIP3TIP3TIP3TIP3TIP3TIP3TIP3TIP3TIP3TIP3TIP3TIP3TIP3TIP3TIP3TIP3TIP3
          TIP3TIP3TIP3TIP3TIP3TIP3TIP3TIP3TIP3TIP3TIP3TIP3TIP3TIP3TIP3TIP3TIP3TIP3TIP3TIP3
          TIP3TIP3TIP3TIP3TIP3TIP3TIP3TIP3TIP3TIP3TIP3TIP3TIP3TIP3TIP3TIP3TIP3TIP3TIP3TIP3
          TIP3TIP3TIP3TIP3TIP3TIP3TIP3TIP3TIP3TIP3TIP3TIP3TIP3TIP3TIP3TIP3TIP3TIP3TIP3TIP3
          TIP3TIP3TIP3TIP3TIP3TIP3TIP3TIP3TIP3TIP3TIP3TIP3TIP3TIP3TIP3TIP3TIP3TIP3TIP3TIP3
          TIP3TIP3TIP3TIP3TIP3TIP3TIP3TIP3TIP3TIP3TIP3TIP3TIP3TIP3TIP3TIP3TIP3TIP3TIP3TIP3
          TIP3TIP3TIP3TIP3TIP3TIP3TIP3TIP3TIP3TIP3TIP3TIP3TIP3TIP3TIP3TIP3TIP3TIP3TIP3TIP3
          TIP3TIP3TIP3TIP3TIP3TIP3TIP3TIP3TIP3TIP3TIP3TIP3TIP3TIP3TIP3TIP3TIP3TIP3TIP3TIP3
          TIP3TIP3TIP3TIP3TIP3TIP3TIP3TIP3TIP3TIP3TIP3TIP3TIP3TIP3TIP3TIP3TIP3TIP3TIP3TIP3
          TIP3TIP3TIP3TIP3TIP3TIP3TIP3TIP3TIP3TIP3TIP3TIP3TIP3TIP3TIP3TIP3TIP3TIP3TIP3TIP3
          TIP3TIP3TIP3TIP3TIP3TIP3TIP3TIP3TIP3TIP3TIP3TIP3TIP3TIP3TIP3TIP3TIP3TIP3TIP3TIP3
          TIP3TIP3TIP3TIP3TIP3TIP3TIP3TIP3TIP3TIP3TIP3TIP3TIP3TIP3TIP3TIP3TIP3TIP3TIP3TIP3
          TIP3TIP3TIP3TIP3TIP3TIP3TIP3TIP3TIP3TIP3TIP3TIP3TIP3TIP3TIP3TIP3TIP3TIP3TIP3TIP3
          TIP3TIP3TIP3TIP3TIP3TIP3TIP3TIP3TIP3TIP3TIP3TIP3TIP3TIP3TIP3TIP3TIP3TIP3TIP3TIP3
          TIP3TIP3TIP3TIP3TIP3TIP3TIP3TIP3TIP3TIP3TIP3TIP3TIP3TIP3TIP3TIP3TIP3TIP3TIP3TIP3
          TIP3TIP3TIP3TIP3TIP3TIP3TIP3TIP3TIP3TIP3TIP3TIP3TIP3TIP3TIP3TIP3TIP3TIP3TIP3TIP3
          TIP3TIP3TIP3TIP3TIP3TIP3TIP3TIP3TIP3TIP3TIP3TIP3TIP3TIP3TIP3TIP3TIP3TIP3TIP3TIP3
          TIP3TIP3TIP3TIP3TIP3TIP3TIP3TIP3TIP3TIP3TIP3TIP3TIP3TIP3TIP3TIP3TIP3TIP3TIP3TIP3
          TIP3TIP3TIP3TIP3TIP3TIP3TIP3TIP3TIP3TIP3TIP3TIP3TIP3TIP3TIP3TIP3TIP3TIP3TIP3TIP3
          TIP3TIP3TIP3TIP3TIP3TIP3TIP3TIP3TIP3TIP3TIP3TIP3TIP3TIP3TIP3TIP3TIP3TIP3TIP3TIP3
          TIP3TIP3TIP3TIP3TIP3TIP3TIP3TIP3TIP3TIP3TIP3TIP3TIP3TIP3TIP3TIP3TIP3TIP3TIP3TIP3
  
 CHARMM>    generate BOX setup noangle nodihedral
 NO PATCHING WILL BE DONE ON THE FIRST RESIDUE
 NO PATCHING WILL BE DONE ON THE LAST  RESIDUE
 GENPSF> Segment   2 has been generated. Its identifier is BOX.
 PSFSUM> PSF modified: NONBOND lists and IMAGE atoms cleared.
 PSFSUM> Summary of the structure file counters :
         Number of segments      =        2   Number of residues   =     6891
         Number of atoms         =    21302   Number of groups     =     7092
         Number of bonds         =    21313   Number of angles     =     8255
         Number of dihedrals     =     2063   Number of impropers  =      141
         Number of cross-terms   =       47
         Number of HB acceptors  =     6918   Number of HB donors  =       85
         Number of NB exclusions =        0   Total charge =   -2.00000
  
 CHARMM>     
  
 CHARMM>    rewind unit 25
                    REWINDING UNIT    25
  
 CHARMM>     
  
 CHARMM>    read coor card append unit 25
          SPATIAL COORDINATES BEING READ FROM UNIT 25
 A RESIDUE OFFSET OF  51 WILL BE USED.
 INFO: A subset of total atoms will be read.

 TITLE> * WATER  SPHERE : RADIUS = 37 A
 TITLE> * BUILT FROM PRIMARY BOX OF LENGTH: 18.856 ---HEADER FOLLOWS:
 TITLE> * ============================================================
 TITLE> * THIS IS A BOX OF 216 3-SITE WATER MOLECULES IN THE EXPERIMENTAL
 TITLE> * GEOMETRY.  IT WAS CONSTRUCTED FROM AN EQUILIBRATED
 TITLE> * CONFIGURATION OF TIP4P (4-SITE WATER MODEL OF JORGENSON)
 TITLE> * WATERS AT 1 ATM PRESSURE AND A DENSITY OF 0.0334 MOLECULES/A**-3.
 TITLE> * THE BOX EDGELENGTH IS 18.856 A.  THE MINIMUM IMAGE PERIODIC
 TITLE> * BOUNDARY ENERGY FOR THIS CONFIGURATION USING THE TIP4P
 TITLE> * POTENTIALS IS -2150.6833 KCAL/MOL.
 TITLE> * IT IS CENTRED ON THE ORIGIN.
 TITLE> * ============================================================
 TITLE> * THE SPHERE CONTAINS 6840 WATER MOLECULES
 TITLE> * MEAN COORDINATES: -0.0423495 0.00693429 -0.0293916
 TITLE> * MAX  COORDINATES: 37.1063 36.6994 37.147
 TITLE> * MIN  COORDINATES: -37.1715 -37.3315 -37.5409
 TITLE> *
  
 CHARMM>    close unit 25
 VCLOSE: Closing unit   25 with status "KEEP"
  
 CHARMM>     
  
 CHARMM>    !centering the water sphere
 CHARMM>    coordinate orient noro select segid BOX end
 SELRPN>  20520 atoms have been selected out of  21302

 ORIENT THE COORDINATES TO ALIGN WITH AXIS

 CENTER OF ATOMS BEFORE TRANSLATION    -0.04235     0.00693    -0.02939
 SELECTED COORDINATES TRANSLATED IN THE MAIN SET.

  
 CHARMM>     
  
 CHARMM>    !Deleting waters which overlap protein
 CHARMM>    delete atom select (.byres. ( (segid PROT .around. 2.5 ) .and. (segid BOX .and. (type oh2 .or. type h1 .or. type h2)))) end
 SELRPN>   1017 atoms have been selected out of  21302

 Message from MAPIC: Atom numbers are changed.

 Message from MAPIC:        339 residues deleted.
 DELTIC:      1017 bonds deleted
 DELTIC:       339 angles deleted
 DELTIC:       339 acceptors deleted
 PSFSUM> PSF modified: NONBOND lists and IMAGE atoms cleared.
 PSFSUM> Summary of the structure file counters :
         Number of segments      =        2   Number of residues   =     6552
         Number of atoms         =    20285   Number of groups     =     6753
         Number of bonds         =    20296   Number of angles     =     7916
         Number of dihedrals     =     2063   Number of impropers  =      141
         Number of cross-terms   =       47
         Number of HB acceptors  =     6579   Number of HB donors  =       85
         Number of NB exclusions =        0   Total charge =   -2.00000
  
 CHARMM>     
  
 CHARMM>    !Deleting the water way too far form the protein
 CHARMM>    delete atom  select (.byres. (.not. (segid PROT .around. 8.0) .and. (segid BOX .and. (type oh2 .or. type h1 .or. type h2)))) end
 SELRPN>  17658 atoms have been selected out of  20285

 Message from MAPIC: Atom numbers are changed.

 Message from MAPIC:       5886 residues deleted.
 DELTIC:     17658 bonds deleted
 DELTIC:      5886 angles deleted
 DELTIC:      5886 acceptors deleted
 PSFSUM> PSF modified: NONBOND lists and IMAGE atoms cleared.
 PSFSUM> Summary of the structure file counters :
         Number of segments      =        2   Number of residues   =      666
         Number of atoms         =     2627   Number of groups     =      867
         Number of bonds         =     2638   Number of angles     =     2030
         Number of dihedrals     =     2063   Number of impropers  =      141
         Number of cross-terms   =       47
         Number of HB acceptors  =      693   Number of HB donors  =       85
         Number of NB exclusions =        0   Total charge =   -2.00000
  
 CHARMM>     
  
 CHARMM>    join PROT BOX renumber
 SEGMENTS "PROT" AND "BOX " HAVE BEEN JOINED.
 THE RESIDUE IDENTIFIERS HAVE BEEN RENUMBERED
 PSFSUM> PSF modified: NONBOND lists and IMAGE atoms cleared.
 PSFSUM> Summary of the structure file counters :
         Number of segments      =        1   Number of residues   =      666
         Number of atoms         =     2627   Number of groups     =      867
         Number of bonds         =     2638   Number of angles     =     2030
         Number of dihedrals     =     2063   Number of impropers  =      141
         Number of cross-terms   =       47
         Number of HB acceptors  =      693   Number of HB donors  =       85
         Number of NB exclusions =        0   Total charge =   -2.00000
  
 CHARMM>     
  
 CHARMM>    rename segid SOLV select segid PROT end
 SELRPN>   2627 atoms have been selected out of   2627
 SEGMENT 'PROT' IS RENAMED TO 'SOLV'
  
 CHARMM>     
  
 CHARMM>    open write card unit 27 name solvated_3i40.psf
 VOPEN> Attempting to open::solvated_3i40.psf::
 OPNLGU> Unit 27 opened for WRITE access to solvated_3i40.psf
  
 CHARMM>    write psf card unit 27
 RDTITL>  
 RDTITL> No title read.
  
 CHARMM>     
  
 CHARMM>    open write card unit 21 name solvated_3i40.pdb
 VOPEN> Attempting to open::solvated_3i40.pdb::
 OPNLGU> Unit 21 opened for WRITE access to solvated_3i40.pdb
  
 CHARMM>    write coor pdb unit 21
 RDTITL>  
 RDTITL> No title read.
  Write CHARMM-pdb format
  
 CHARMM>     
  
 CHARMM>    stop
 VCLOSE: Closing unit   21 with status "KEEP"
 VCLOSE: Closing unit   27 with status "KEEP"

      $$$$$$  New timer profile Local node$$$$$

 Total time                      1.39 Other:            0.00

         $$$$$$  Average   profile $$$$$

 Total time                      1.39 Other:            0.00

                    NORMAL TERMINATION BY NORMAL STOP
                    NO WARNINGS WERE ISSUED

                    $$$$$ JOB ACCOUNTING INFORMATION $$$$$
                     ELAPSED TIME:     1.39  SECONDS 
                         CPU TIME:     1.39  SECONDS 
